#1 [parnigo-crm internal] load build definition from Dockerfile
#1 transferring dockerfile: 366B done
#1 DONE 1.8s

#2 [parnigo-crm internal] load .dockerignore
#2 transferring context: 81B done
#2 DONE 2.6s

#3 [parnigo-crm internal] load metadata for docker.io/library/node:20
#3 DONE 0.0s

#4 [parnigo-crm 1/5] FROM docker.io/library/node:20
#4 DONE 0.0s

#5 [parnigo-crm internal] load build context
#5 ...

#6 [parnigo-crm 2/5] WORKDIR /usr/src/app
#6 CACHED

#5 [parnigo-crm internal] load build context
#5 transferring context: 8.06kB 0.6s done
#5 DONE 2.1s

#7 [parnigo-crm 3/5] COPY package*.json ./
#7 DONE 3.4s

#8 [parnigo-crm 4/5] RUN npm install
#8 8.004 npm warn EBADENGINE Unsupported engine {
#8 8.004 npm warn EBADENGINE   package: 'parnigo-crm@1.0.0',
#8 8.004 npm warn EBADENGINE   required: { node: '>=20.9.0', npm: '>=10.9.2' },
#8 8.004 npm warn EBADENGINE   current: { node: 'v20.19.0', npm: '10.8.2' }
#8 8.004 npm warn EBADENGINE }
#8 9.694 
#8 9.694 added 133 packages, and audited 134 packages in 3s
#8 9.694 
#8 9.694 20 packages are looking for funding
#8 9.694   run `npm fund` for details
#8 9.695 
#8 9.695 found 0 vulnerabilities
#8 9.697 npm notice
#8 9.697 npm notice New major version of npm available! 10.8.2 -> 11.2.0
#8 9.697 npm notice Changelog: https://github.com/npm/cli/releases/tag/v11.2.0
#8 9.697 npm notice To update run: npm install -g npm@11.2.0
#8 9.697 npm notice
#8 DONE 10.8s

#9 [parnigo-crm 5/5] COPY . .
#9 DONE 5.6s

#10 [parnigo-crm] exporting to image
#10 exporting layers
#10 exporting layers 6.9s done
#10 writing image sha256:8df718f1f8e2abad4e775fa0f06659e38583a7fc6526ea8c1d14a14db35ab375 0.1s done
#10 naming to docker.io/library/crm-parnigo-crm
#10 naming to docker.io/library/crm-parnigo-crm 0.2s done
#10 DONE 7.2s
